mode: set
github.com/timlzh/ollama-hack/internal/utils/password.go:8.52,11.2 2 1
github.com/timlzh/ollama-hack/internal/utils/password.go:14.48,17.2 2 1
github.com/timlzh/ollama-hack/internal/utils/response.go:24.48,26.2 1 1
github.com/timlzh/ollama-hack/internal/utils/response.go:28.94,36.2 1 1
github.com/timlzh/ollama-hack/internal/utils/response.go:38.48,40.2 1 1
github.com/timlzh/ollama-hack/internal/utils/response.go:42.32,44.2 1 1
github.com/timlzh/ollama-hack/internal/utils/response.go:46.54,50.2 1 1
github.com/timlzh/ollama-hack/internal/utils/response.go:52.49,54.2 1 1
github.com/timlzh/ollama-hack/internal/utils/response.go:56.51,58.2 1 1
github.com/timlzh/ollama-hack/internal/utils/response.go:60.48,62.2 1 1
github.com/timlzh/ollama-hack/internal/utils/response.go:64.47,66.2 1 1
github.com/timlzh/ollama-hack/internal/utils/response.go:68.58,70.2 1 1
github.com/timlzh/ollama-hack/cmd/server/main.go:14.13,17.16 2 0
github.com/timlzh/ollama-hack/cmd/server/main.go:17.16,19.3 1 0
github.com/timlzh/ollama-hack/cmd/server/main.go:22.2,23.16 2 0
github.com/timlzh/ollama-hack/cmd/server/main.go:23.16,25.3 1 0
github.com/timlzh/ollama-hack/cmd/server/main.go:26.2,29.42 2 0
github.com/timlzh/ollama-hack/cmd/server/main.go:29.42,31.3 1 0
github.com/timlzh/ollama-hack/cmd/server/main.go:34.2,50.27 12 0
github.com/timlzh/ollama-hack/cmd/server/main.go:50.27,52.3 1 0
github.com/timlzh/ollama-hack/cmd/server/main.go:53.2,56.29 2 0
github.com/timlzh/ollama-hack/cmd/server/main.go:56.29,60.36 4 0
github.com/timlzh/ollama-hack/cmd/server/main.go:60.36,63.4 2 0
github.com/timlzh/ollama-hack/cmd/server/main.go:64.3,64.11 1 0
github.com/timlzh/ollama-hack/cmd/server/main.go:68.2,69.2 2 0
github.com/timlzh/ollama-hack/cmd/server/main.go:69.2,72.46 3 0
github.com/timlzh/ollama-hack/cmd/server/main.go:72.46,74.4 1 0
github.com/timlzh/ollama-hack/cmd/server/main.go:78.2,80.2 3 0
github.com/timlzh/ollama-hack/cmd/server/main.go:80.2,96.3 10 0
github.com/timlzh/ollama-hack/cmd/server/main.go:96.3,128.4 24 0
github.com/timlzh/ollama-hack/cmd/server/main.go:132.2,134.2 3 0
github.com/timlzh/ollama-hack/cmd/server/main.go:134.2,138.3 3 0
github.com/timlzh/ollama-hack/cmd/server/main.go:140.2,141.39 2 0
github.com/timlzh/ollama-hack/cmd/server/main.go:141.39,143.3 1 0
github.com/timlzh/ollama-hack/internal/config/config.go:32.30,56.45 18 1
github.com/timlzh/ollama-hack/internal/config/config.go:56.45,57.56 1 1
github.com/timlzh/ollama-hack/internal/config/config.go:57.56,59.4 1 0
github.com/timlzh/ollama-hack/internal/config/config.go:60.3,60.80 1 1
github.com/timlzh/ollama-hack/internal/config/config.go:63.2,64.49 2 1
github.com/timlzh/ollama-hack/internal/config/config.go:64.49,66.3 1 0
github.com/timlzh/ollama-hack/internal/config/config.go:68.2,68.21 1 1
github.com/timlzh/ollama-hack/internal/middleware/auth.go:12.72,13.30 1 1
github.com/timlzh/ollama-hack/internal/middleware/auth.go:13.30,15.23 2 1
github.com/timlzh/ollama-hack/internal/middleware/auth.go:15.23,19.4 3 1
github.com/timlzh/ollama-hack/internal/middleware/auth.go:21.3,22.22 2 1
github.com/timlzh/ollama-hack/internal/middleware/auth.go:22.22,26.4 3 1
github.com/timlzh/ollama-hack/internal/middleware/auth.go:28.3,34.19 5 1
github.com/timlzh/ollama-hack/internal/middleware/auth.go:35.17,37.18 2 1
github.com/timlzh/ollama-hack/internal/middleware/auth.go:37.18,41.5 3 1
github.com/timlzh/ollama-hack/internal/middleware/auth.go:42.4,43.28 2 1
github.com/timlzh/ollama-hack/internal/middleware/auth.go:45.11,48.18 2 0
github.com/timlzh/ollama-hack/internal/middleware/auth.go:48.18,52.5 3 0
github.com/timlzh/ollama-hack/internal/middleware/auth.go:53.4,54.26 2 0
github.com/timlzh/ollama-hack/internal/middleware/auth.go:57.3,59.11 3 1
github.com/timlzh/ollama-hack/internal/middleware/auth.go:63.40,64.30 1 1
github.com/timlzh/ollama-hack/internal/middleware/auth.go:64.30,66.33 2 1
github.com/timlzh/ollama-hack/internal/middleware/auth.go:66.33,72.4 3 1
github.com/timlzh/ollama-hack/internal/middleware/auth.go:73.3,73.11 1 1
github.com/timlzh/ollama-hack/internal/handlers/aimodel.go:14.57,16.2 1 1
github.com/timlzh/ollama-hack/internal/handlers/aimodel.go:18.47,31.54 3 1
github.com/timlzh/ollama-hack/internal/handlers/aimodel.go:31.54,34.3 2 0
github.com/timlzh/ollama-hack/internal/handlers/aimodel.go:36.2,36.57 1 1
github.com/timlzh/ollama-hack/internal/handlers/aimodel.go:39.46,52.51 4 1
github.com/timlzh/ollama-hack/internal/handlers/aimodel.go:52.51,55.3 2 0
github.com/timlzh/ollama-hack/internal/handlers/aimodel.go:57.2,76.26 5 1
github.com/timlzh/ollama-hack/internal/handlers/aimodel.go:80.49,83.47 3 1
github.com/timlzh/ollama-hack/internal/handlers/aimodel.go:83.47,86.3 2 1
github.com/timlzh/ollama-hack/internal/handlers/aimodel.go:88.2,93.16 3 1
github.com/timlzh/ollama-hack/internal/handlers/aimodel.go:93.16,96.3 2 0
github.com/timlzh/ollama-hack/internal/handlers/aimodel.go:98.2,98.24 1 0
github.com/timlzh/ollama-hack/internal/handlers/apikey.go:17.55,19.2 1 1
github.com/timlzh/ollama-hack/internal/handlers/apikey.go:21.46,25.16 4 1
github.com/timlzh/ollama-hack/internal/handlers/apikey.go:25.16,28.3 2 0
github.com/timlzh/ollama-hack/internal/handlers/apikey.go:30.2,31.27 2 1
github.com/timlzh/ollama-hack/internal/handlers/apikey.go:31.27,39.3 1 0
github.com/timlzh/ollama-hack/internal/handlers/apikey.go:40.2,40.57 1 1
github.com/timlzh/ollama-hack/internal/handlers/apikey.go:43.48,47.47 4 1
github.com/timlzh/ollama-hack/internal/handlers/apikey.go:47.47,50.3 2 1
github.com/timlzh/ollama-hack/internal/handlers/apikey.go:53.2,54.44 2 1
github.com/timlzh/ollama-hack/internal/handlers/apikey.go:54.44,57.3 2 0
github.com/timlzh/ollama-hack/internal/handlers/apikey.go:58.2,64.16 4 1
github.com/timlzh/ollama-hack/internal/handlers/apikey.go:64.16,67.3 2 1
github.com/timlzh/ollama-hack/internal/handlers/apikey.go:69.2,76.4 1 0
github.com/timlzh/ollama-hack/internal/handlers/apikey.go:79.48,86.30 5 1
github.com/timlzh/ollama-hack/internal/handlers/apikey.go:86.30,89.3 2 1
github.com/timlzh/ollama-hack/internal/handlers/apikey.go:91.2,92.16 2 0
github.com/timlzh/ollama-hack/internal/handlers/apikey.go:92.16,95.3 2 0
github.com/timlzh/ollama-hack/internal/handlers/apikey.go:97.2,97.20 1 0
github.com/timlzh/ollama-hack/internal/handlers/apikey.go:100.50,108.2 2 1
github.com/timlzh/ollama-hack/internal/handlers/auth.go:18.86,20.2 1 1
github.com/timlzh/ollama-hack/internal/handlers/auth.go:23.45,25.47 2 1
github.com/timlzh/ollama-hack/internal/handlers/auth.go:25.47,28.3 2 1
github.com/timlzh/ollama-hack/internal/handlers/auth.go:30.2,31.16 2 1
github.com/timlzh/ollama-hack/internal/handlers/auth.go:31.16,34.3 2 1
github.com/timlzh/ollama-hack/internal/handlers/auth.go:36.2,36.25 1 1
github.com/timlzh/ollama-hack/internal/handlers/auth.go:40.54,44.16 3 1
github.com/timlzh/ollama-hack/internal/handlers/auth.go:44.16,47.3 2 0
github.com/timlzh/ollama-hack/internal/handlers/auth.go:50.2,51.24 2 1
github.com/timlzh/ollama-hack/internal/handlers/auth.go:51.24,54.17 3 0
github.com/timlzh/ollama-hack/internal/handlers/auth.go:54.17,56.4 1 0
github.com/timlzh/ollama-hack/internal/handlers/auth.go:59.2,67.28 2 1
github.com/timlzh/ollama-hack/internal/handlers/auth.go:71.54,75.47 3 1
github.com/timlzh/ollama-hack/internal/handlers/auth.go:75.47,78.3 2 1
github.com/timlzh/ollama-hack/internal/handlers/auth.go:80.2,81.16 2 1
github.com/timlzh/ollama-hack/internal/handlers/auth.go:81.16,84.3 2 0
github.com/timlzh/ollama-hack/internal/handlers/auth.go:86.2,86.64 1 1
github.com/timlzh/ollama-hack/internal/handlers/auth.go:86.64,89.3 2 1
github.com/timlzh/ollama-hack/internal/handlers/auth.go:91.2,92.16 2 1
github.com/timlzh/ollama-hack/internal/handlers/auth.go:92.16,95.3 2 0
github.com/timlzh/ollama-hack/internal/handlers/auth.go:97.2,98.16 2 1
github.com/timlzh/ollama-hack/internal/handlers/auth.go:98.16,101.3 2 0
github.com/timlzh/ollama-hack/internal/handlers/auth.go:103.2,105.4 1 1
github.com/timlzh/ollama-hack/internal/handlers/auth.go:109.55,113.16 3 1
github.com/timlzh/ollama-hack/internal/handlers/auth.go:113.16,116.3 2 0
github.com/timlzh/ollama-hack/internal/handlers/auth.go:118.2,118.15 1 1
github.com/timlzh/ollama-hack/internal/handlers/auth.go:118.15,121.3 2 1
github.com/timlzh/ollama-hack/internal/handlers/auth.go:123.2,124.47 2 1
github.com/timlzh/ollama-hack/internal/handlers/auth.go:124.47,127.3 2 0
github.com/timlzh/ollama-hack/internal/handlers/auth.go:129.2,130.16 2 1
github.com/timlzh/ollama-hack/internal/handlers/auth.go:130.16,133.3 2 0
github.com/timlzh/ollama-hack/internal/handlers/auth.go:135.2,139.16 2 1
github.com/timlzh/ollama-hack/internal/handlers/auth.go:139.16,142.3 2 0
github.com/timlzh/ollama-hack/internal/handlers/auth.go:144.2,146.4 1 1
github.com/timlzh/ollama-hack/internal/handlers/endpoint.go:20.59,22.2 1 1
github.com/timlzh/ollama-hack/internal/handlers/endpoint.go:24.48,32.35 6 1
github.com/timlzh/ollama-hack/internal/handlers/endpoint.go:32.35,33.57 1 0
github.com/timlzh/ollama-hack/internal/handlers/endpoint.go:33.57,35.4 1 0
github.com/timlzh/ollama-hack/internal/handlers/endpoint.go:37.2,37.37 1 1
github.com/timlzh/ollama-hack/internal/handlers/endpoint.go:37.37,38.58 1 0
github.com/timlzh/ollama-hack/internal/handlers/endpoint.go:38.58,40.4 1 0
github.com/timlzh/ollama-hack/internal/handlers/endpoint.go:42.2,42.41 1 1
github.com/timlzh/ollama-hack/internal/handlers/endpoint.go:42.41,45.24 2 0
github.com/timlzh/ollama-hack/internal/handlers/endpoint.go:45.24,47.4 1 0
github.com/timlzh/ollama-hack/internal/handlers/endpoint.go:49.2,49.36 1 1
github.com/timlzh/ollama-hack/internal/handlers/endpoint.go:49.36,50.32 1 0
github.com/timlzh/ollama-hack/internal/handlers/endpoint.go:50.32,52.4 1 0
github.com/timlzh/ollama-hack/internal/handlers/endpoint.go:54.2,54.37 1 1
github.com/timlzh/ollama-hack/internal/handlers/endpoint.go:54.37,56.3 1 0
github.com/timlzh/ollama-hack/internal/handlers/endpoint.go:59.2,66.24 5 1
github.com/timlzh/ollama-hack/internal/handlers/endpoint.go:66.24,70.3 3 0
github.com/timlzh/ollama-hack/internal/handlers/endpoint.go:70.8,72.3 1 1
github.com/timlzh/ollama-hack/internal/handlers/endpoint.go:75.2,77.67 3 1
github.com/timlzh/ollama-hack/internal/handlers/endpoint.go:77.67,80.3 2 0
github.com/timlzh/ollama-hack/internal/handlers/endpoint.go:83.2,84.24 2 1
github.com/timlzh/ollama-hack/internal/handlers/endpoint.go:84.24,86.3 1 0
github.com/timlzh/ollama-hack/internal/handlers/endpoint.go:86.8,88.3 1 1
github.com/timlzh/ollama-hack/internal/handlers/endpoint.go:90.2,91.69 2 1
github.com/timlzh/ollama-hack/internal/handlers/endpoint.go:91.69,94.3 2 0
github.com/timlzh/ollama-hack/internal/handlers/endpoint.go:97.2,98.31 2 1
github.com/timlzh/ollama-hack/internal/handlers/endpoint.go:98.31,104.26 3 1
github.com/timlzh/ollama-hack/internal/handlers/endpoint.go:104.26,106.4 1 1
github.com/timlzh/ollama-hack/internal/handlers/endpoint.go:109.3,118.17 8 1
github.com/timlzh/ollama-hack/internal/handlers/endpoint.go:118.17,120.4 1 1
github.com/timlzh/ollama-hack/internal/handlers/endpoint.go:122.3,132.5 1 1
github.com/timlzh/ollama-hack/internal/handlers/endpoint.go:136.2,138.60 2 1
github.com/timlzh/ollama-hack/internal/handlers/endpoint.go:141.47,144.89 3 1
github.com/timlzh/ollama-hack/internal/handlers/endpoint.go:144.89,147.3 2 0
github.com/timlzh/ollama-hack/internal/handlers/endpoint.go:148.2,148.28 1 1
github.com/timlzh/ollama-hack/internal/handlers/endpoint.go:151.50,153.47 2 1
github.com/timlzh/ollama-hack/internal/handlers/endpoint.go:153.47,156.3 2 1
github.com/timlzh/ollama-hack/internal/handlers/endpoint.go:159.2,159.20 1 1
github.com/timlzh/ollama-hack/internal/handlers/endpoint.go:159.20,161.3 1 0
github.com/timlzh/ollama-hack/internal/handlers/endpoint.go:163.2,169.16 3 1
github.com/timlzh/ollama-hack/internal/handlers/endpoint.go:169.16,170.57 1 0
github.com/timlzh/ollama-hack/internal/handlers/endpoint.go:170.57,173.18 2 0
github.com/timlzh/ollama-hack/internal/handlers/endpoint.go:173.18,176.5 2 0
github.com/timlzh/ollama-hack/internal/handlers/endpoint.go:177.9,180.4 2 0
github.com/timlzh/ollama-hack/internal/handlers/endpoint.go:184.2,186.28 2 1
github.com/timlzh/ollama-hack/internal/handlers/endpoint.go:189.55,191.47 2 1
github.com/timlzh/ollama-hack/internal/handlers/endpoint.go:191.47,194.3 2 1
github.com/timlzh/ollama-hack/internal/handlers/endpoint.go:196.2,196.29 1 1
github.com/timlzh/ollama-hack/internal/handlers/endpoint.go:196.29,199.3 2 1
github.com/timlzh/ollama-hack/internal/handlers/endpoint.go:202.2,206.35 4 1
github.com/timlzh/ollama-hack/internal/handlers/endpoint.go:206.35,207.24 1 1
github.com/timlzh/ollama-hack/internal/handlers/endpoint.go:207.24,211.18 4 1
github.com/timlzh/ollama-hack/internal/handlers/endpoint.go:211.18,213.5 1 0
github.com/timlzh/ollama-hack/internal/handlers/endpoint.go:214.4,214.28 1 1
github.com/timlzh/ollama-hack/internal/handlers/endpoint.go:219.2,220.16 2 1
github.com/timlzh/ollama-hack/internal/handlers/endpoint.go:220.16,223.3 2 0
github.com/timlzh/ollama-hack/internal/handlers/endpoint.go:224.2,231.67 4 1
github.com/timlzh/ollama-hack/internal/handlers/endpoint.go:231.67,234.3 2 0
github.com/timlzh/ollama-hack/internal/handlers/endpoint.go:236.2,237.35 2 1
github.com/timlzh/ollama-hack/internal/handlers/endpoint.go:237.35,239.3 1 0
github.com/timlzh/ollama-hack/internal/handlers/endpoint.go:242.2,243.31 2 1
github.com/timlzh/ollama-hack/internal/handlers/endpoint.go:243.31,244.43 1 1
github.com/timlzh/ollama-hack/internal/handlers/endpoint.go:244.43,246.4 1 1
github.com/timlzh/ollama-hack/internal/handlers/endpoint.go:249.2,249.22 1 1
github.com/timlzh/ollama-hack/internal/handlers/endpoint.go:249.22,251.17 2 1
github.com/timlzh/ollama-hack/internal/handlers/endpoint.go:251.17,254.4 2 0
github.com/timlzh/ollama-hack/internal/handlers/endpoint.go:256.3,256.29 1 1
github.com/timlzh/ollama-hack/internal/handlers/endpoint.go:256.29,259.18 3 1
github.com/timlzh/ollama-hack/internal/handlers/endpoint.go:259.18,263.5 3 0
github.com/timlzh/ollama-hack/internal/handlers/endpoint.go:264.4,264.26 1 1
github.com/timlzh/ollama-hack/internal/handlers/endpoint.go:266.3,266.14 1 1
github.com/timlzh/ollama-hack/internal/handlers/endpoint.go:270.2,271.33 2 1
github.com/timlzh/ollama-hack/internal/handlers/endpoint.go:271.33,273.3 1 1
github.com/timlzh/ollama-hack/internal/handlers/endpoint.go:275.2,275.21 1 1
github.com/timlzh/ollama-hack/internal/handlers/endpoint.go:275.21,277.3 1 1
github.com/timlzh/ollama-hack/internal/handlers/endpoint.go:279.2,282.4 1 1
github.com/timlzh/ollama-hack/internal/handlers/endpoint.go:285.50,288.47 3 1
github.com/timlzh/ollama-hack/internal/handlers/endpoint.go:288.47,291.3 2 1
github.com/timlzh/ollama-hack/internal/handlers/endpoint.go:293.2,297.21 4 1
github.com/timlzh/ollama-hack/internal/handlers/endpoint.go:297.21,301.3 3 1
github.com/timlzh/ollama-hack/internal/handlers/endpoint.go:302.2,302.20 1 1
github.com/timlzh/ollama-hack/internal/handlers/endpoint.go:302.20,306.3 3 0
github.com/timlzh/ollama-hack/internal/handlers/endpoint.go:308.2,308.26 1 1
github.com/timlzh/ollama-hack/internal/handlers/endpoint.go:308.26,311.3 2 1
github.com/timlzh/ollama-hack/internal/handlers/endpoint.go:313.2,318.16 5 1
github.com/timlzh/ollama-hack/internal/handlers/endpoint.go:318.16,321.3 2 0
github.com/timlzh/ollama-hack/internal/handlers/endpoint.go:323.2,323.28 1 1
github.com/timlzh/ollama-hack/internal/handlers/endpoint.go:326.50,329.16 3 1
github.com/timlzh/ollama-hack/internal/handlers/endpoint.go:329.16,332.3 2 0
github.com/timlzh/ollama-hack/internal/handlers/endpoint.go:333.2,333.20 1 1
github.com/timlzh/ollama-hack/internal/handlers/endpoint.go:336.55,338.47 2 1
github.com/timlzh/ollama-hack/internal/handlers/endpoint.go:338.47,341.3 2 1
github.com/timlzh/ollama-hack/internal/handlers/endpoint.go:343.2,343.31 1 1
github.com/timlzh/ollama-hack/internal/handlers/endpoint.go:343.31,346.3 2 1
github.com/timlzh/ollama-hack/internal/handlers/endpoint.go:348.2,349.16 2 0
github.com/timlzh/ollama-hack/internal/handlers/endpoint.go:349.16,352.3 2 0
github.com/timlzh/ollama-hack/internal/handlers/endpoint.go:353.2,356.16 3 0
github.com/timlzh/ollama-hack/internal/handlers/endpoint.go:356.16,359.3 2 0
github.com/timlzh/ollama-hack/internal/handlers/endpoint.go:361.2,366.4 2 0
github.com/timlzh/ollama-hack/internal/handlers/endpoint.go:369.53,371.47 2 1
github.com/timlzh/ollama-hack/internal/handlers/endpoint.go:371.47,374.3 2 1
github.com/timlzh/ollama-hack/internal/handlers/endpoint.go:376.2,376.31 1 1
github.com/timlzh/ollama-hack/internal/handlers/endpoint.go:376.31,379.3 2 1
github.com/timlzh/ollama-hack/internal/handlers/endpoint.go:381.2,386.37 5 0
github.com/timlzh/ollama-hack/internal/handlers/endpoint.go:386.37,390.17 3 0
github.com/timlzh/ollama-hack/internal/handlers/endpoint.go:390.17,393.12 3 0
github.com/timlzh/ollama-hack/internal/handlers/endpoint.go:395.3,396.17 2 0
github.com/timlzh/ollama-hack/internal/handlers/endpoint.go:399.2,399.23 1 0
github.com/timlzh/ollama-hack/internal/handlers/endpoint.go:399.23,401.3 1 0
github.com/timlzh/ollama-hack/internal/handlers/endpoint.go:403.2,407.4 1 0
github.com/timlzh/ollama-hack/internal/handlers/endpoint.go:412.56,418.16 3 1
github.com/timlzh/ollama-hack/internal/handlers/endpoint.go:418.16,420.3 1 0
github.com/timlzh/ollama-hack/internal/handlers/endpoint.go:424.64,425.27 1 1
github.com/timlzh/ollama-hack/internal/handlers/endpoint.go:425.27,427.3 1 0
github.com/timlzh/ollama-hack/internal/handlers/endpoint.go:428.2,432.33 4 1
github.com/timlzh/ollama-hack/internal/handlers/endpoint.go:432.33,433.12 1 1
github.com/timlzh/ollama-hack/internal/handlers/endpoint.go:433.12,435.4 1 1
github.com/timlzh/ollama-hack/internal/handlers/endpoint.go:436.3,437.42 2 1
github.com/timlzh/ollama-hack/internal/handlers/endpoint.go:440.2,441.16 2 1
github.com/timlzh/ollama-hack/internal/handlers/endpoint.go:441.16,443.3 1 0
github.com/timlzh/ollama-hack/internal/handlers/endpoint.go:446.55,449.16 3 1
github.com/timlzh/ollama-hack/internal/handlers/endpoint.go:449.16,452.3 2 1
github.com/timlzh/ollama-hack/internal/handlers/endpoint.go:453.2,455.16 3 1
github.com/timlzh/ollama-hack/internal/handlers/endpoint.go:455.16,458.3 2 0
github.com/timlzh/ollama-hack/internal/handlers/endpoint.go:459.2,460.54 2 0
github.com/timlzh/ollama-hack/internal/handlers/endpoint.go:463.51,466.16 3 1
github.com/timlzh/ollama-hack/internal/handlers/endpoint.go:466.16,469.3 2 1
github.com/timlzh/ollama-hack/internal/handlers/endpoint.go:470.2,472.16 3 1
github.com/timlzh/ollama-hack/internal/handlers/endpoint.go:472.16,475.3 2 0
github.com/timlzh/ollama-hack/internal/handlers/endpoint.go:476.2,476.24 1 0
github.com/timlzh/ollama-hack/internal/handlers/endpoint.go:479.57,481.47 2 1
github.com/timlzh/ollama-hack/internal/handlers/endpoint.go:481.47,484.3 2 1
github.com/timlzh/ollama-hack/internal/handlers/endpoint.go:486.2,486.31 1 1
github.com/timlzh/ollama-hack/internal/handlers/endpoint.go:486.31,489.3 2 1
github.com/timlzh/ollama-hack/internal/handlers/endpoint.go:491.2,500.16 2 0
github.com/timlzh/ollama-hack/internal/handlers/endpoint.go:500.16,503.3 2 0
github.com/timlzh/ollama-hack/internal/handlers/endpoint.go:504.2,512.59 4 0
github.com/timlzh/ollama-hack/internal/handlers/endpoint.go:512.59,515.3 2 0
github.com/timlzh/ollama-hack/internal/handlers/endpoint.go:517.2,518.25 2 0
github.com/timlzh/ollama-hack/internal/handlers/endpoint.go:518.25,520.3 1 0
github.com/timlzh/ollama-hack/internal/handlers/endpoint.go:522.2,522.28 1 0
github.com/timlzh/ollama-hack/internal/handlers/ollama.go:22.55,24.2 1 1
github.com/timlzh/ollama-hack/internal/handlers/ollama.go:28.93,45.16 4 0
github.com/timlzh/ollama-hack/internal/handlers/ollama.go:45.16,47.3 1 0
github.com/timlzh/ollama-hack/internal/handlers/ollama.go:48.2,49.25 2 0
github.com/timlzh/ollama-hack/internal/handlers/ollama.go:49.25,51.3 1 0
github.com/timlzh/ollama-hack/internal/handlers/ollama.go:52.2,52.18 1 0
github.com/timlzh/ollama-hack/internal/handlers/ollama.go:56.48,58.21 2 1
github.com/timlzh/ollama-hack/internal/handlers/ollama.go:58.21,60.3 1 1
github.com/timlzh/ollama-hack/internal/handlers/ollama.go:61.2,61.27 1 1
github.com/timlzh/ollama-hack/internal/handlers/ollama.go:65.48,78.16 4 0
github.com/timlzh/ollama-hack/internal/handlers/ollama.go:78.16,81.3 2 0
github.com/timlzh/ollama-hack/internal/handlers/ollama.go:82.2,84.25 3 0
github.com/timlzh/ollama-hack/internal/handlers/ollama.go:84.25,91.3 1 0
github.com/timlzh/ollama-hack/internal/handlers/ollama.go:92.2,92.52 1 0
github.com/timlzh/ollama-hack/internal/handlers/ollama.go:96.57,98.2 1 1
github.com/timlzh/ollama-hack/internal/handlers/ollama.go:101.53,103.2 1 1
github.com/timlzh/ollama-hack/internal/handlers/ollama.go:107.75,109.16 2 1
github.com/timlzh/ollama-hack/internal/handlers/ollama.go:109.16,112.3 2 0
github.com/timlzh/ollama-hack/internal/handlers/ollama.go:115.2,116.58 2 1
github.com/timlzh/ollama-hack/internal/handlers/ollama.go:116.58,119.3 2 1
github.com/timlzh/ollama-hack/internal/handlers/ollama.go:121.2,122.20 2 1
github.com/timlzh/ollama-hack/internal/handlers/ollama.go:122.20,125.3 2 1
github.com/timlzh/ollama-hack/internal/handlers/ollama.go:127.2,129.39 3 0
github.com/timlzh/ollama-hack/internal/handlers/ollama.go:129.39,132.3 2 0
github.com/timlzh/ollama-hack/internal/handlers/ollama.go:134.2,137.40 2 0
github.com/timlzh/ollama-hack/internal/handlers/ollama.go:137.40,141.17 3 0
github.com/timlzh/ollama-hack/internal/handlers/ollama.go:141.17,142.12 1 0
github.com/timlzh/ollama-hack/internal/handlers/ollama.go:144.3,147.39 2 0
github.com/timlzh/ollama-hack/internal/handlers/ollama.go:147.39,149.68 2 0
github.com/timlzh/ollama-hack/internal/handlers/ollama.go:149.68,150.13 1 0
github.com/timlzh/ollama-hack/internal/handlers/ollama.go:152.4,152.25 1 0
github.com/timlzh/ollama-hack/internal/handlers/ollama.go:152.25,154.5 1 0
github.com/timlzh/ollama-hack/internal/handlers/ollama.go:157.3,159.17 3 0
github.com/timlzh/ollama-hack/internal/handlers/ollama.go:159.17,161.12 2 0
github.com/timlzh/ollama-hack/internal/handlers/ollama.go:165.3,165.34 1 0
github.com/timlzh/ollama-hack/internal/handlers/ollama.go:165.34,166.25 1 0
github.com/timlzh/ollama-hack/internal/handlers/ollama.go:166.25,168.5 1 0
github.com/timlzh/ollama-hack/internal/handlers/ollama.go:170.3,172.13 2 0
github.com/timlzh/ollama-hack/internal/handlers/ollama.go:172.13,176.8 3 0
github.com/timlzh/ollama-hack/internal/handlers/ollama.go:176.8,178.14 2 0
github.com/timlzh/ollama-hack/internal/handlers/ollama.go:178.14,180.12 2 0
github.com/timlzh/ollama-hack/internal/handlers/ollama.go:180.12,182.7 1 0
github.com/timlzh/ollama-hack/internal/handlers/ollama.go:184.5,184.23 1 0
github.com/timlzh/ollama-hack/internal/handlers/ollama.go:184.23,185.11 1 0
github.com/timlzh/ollama-hack/internal/handlers/ollama.go:188.4,188.21 1 0
github.com/timlzh/ollama-hack/internal/handlers/ollama.go:189.9,193.4 2 0
github.com/timlzh/ollama-hack/internal/handlers/ollama.go:194.3,194.9 1 0
github.com/timlzh/ollama-hack/internal/handlers/ollama.go:197.2,197.74 1 0
github.com/timlzh/ollama-hack/internal/handlers/plan.go:17.51,19.2 1 1
github.com/timlzh/ollama-hack/internal/handlers/plan.go:21.44,24.16 3 1
github.com/timlzh/ollama-hack/internal/handlers/plan.go:24.16,27.3 2 0
github.com/timlzh/ollama-hack/internal/handlers/plan.go:28.2,28.51 1 1
github.com/timlzh/ollama-hack/internal/handlers/plan.go:31.58,35.91 3 0
github.com/timlzh/ollama-hack/internal/handlers/plan.go:35.91,38.3 2 0
github.com/timlzh/ollama-hack/internal/handlers/plan.go:40.2,40.24 1 0
github.com/timlzh/ollama-hack/internal/handlers/plan.go:40.24,44.3 2 0
github.com/timlzh/ollama-hack/internal/handlers/plan.go:46.2,47.91 2 0
github.com/timlzh/ollama-hack/internal/handlers/plan.go:47.91,50.3 2 0
github.com/timlzh/ollama-hack/internal/handlers/plan.go:52.2,52.24 1 0
github.com/timlzh/ollama-hack/internal/handlers/plan.go:55.43,58.85 3 1
github.com/timlzh/ollama-hack/internal/handlers/plan.go:58.85,61.3 2 0
github.com/timlzh/ollama-hack/internal/handlers/plan.go:62.2,62.24 1 1
github.com/timlzh/ollama-hack/internal/handlers/plan.go:65.46,67.47 2 1
github.com/timlzh/ollama-hack/internal/handlers/plan.go:67.47,70.3 2 1
github.com/timlzh/ollama-hack/internal/handlers/plan.go:72.2,77.16 3 1
github.com/timlzh/ollama-hack/internal/handlers/plan.go:77.16,80.3 2 0
github.com/timlzh/ollama-hack/internal/handlers/plan.go:82.2,82.24 1 1
github.com/timlzh/ollama-hack/internal/handlers/plan.go:85.46,88.47 3 1
github.com/timlzh/ollama-hack/internal/handlers/plan.go:88.47,91.3 2 1
github.com/timlzh/ollama-hack/internal/handlers/plan.go:94.2,98.21 4 1
github.com/timlzh/ollama-hack/internal/handlers/plan.go:98.21,102.3 3 1
github.com/timlzh/ollama-hack/internal/handlers/plan.go:103.2,103.28 1 1
github.com/timlzh/ollama-hack/internal/handlers/plan.go:103.28,107.3 3 0
github.com/timlzh/ollama-hack/internal/handlers/plan.go:108.2,108.20 1 1
github.com/timlzh/ollama-hack/internal/handlers/plan.go:108.20,112.3 3 1
github.com/timlzh/ollama-hack/internal/handlers/plan.go:113.2,113.20 1 1
github.com/timlzh/ollama-hack/internal/handlers/plan.go:113.20,117.3 3 0
github.com/timlzh/ollama-hack/internal/handlers/plan.go:118.2,118.26 1 1
github.com/timlzh/ollama-hack/internal/handlers/plan.go:118.26,122.3 3 0
github.com/timlzh/ollama-hack/internal/handlers/plan.go:124.2,124.26 1 1
github.com/timlzh/ollama-hack/internal/handlers/plan.go:124.26,127.3 2 1
github.com/timlzh/ollama-hack/internal/handlers/plan.go:129.2,134.16 5 1
github.com/timlzh/ollama-hack/internal/handlers/plan.go:134.16,137.3 2 0
github.com/timlzh/ollama-hack/internal/handlers/plan.go:139.2,139.24 1 1
github.com/timlzh/ollama-hack/internal/handlers/plan.go:142.46,145.16 3 1
github.com/timlzh/ollama-hack/internal/handlers/plan.go:145.16,148.3 2 0
github.com/timlzh/ollama-hack/internal/handlers/plan.go:149.2,149.20 1 1
github.com/timlzh/ollama-hack/internal/handlers/user.go:17.51,19.2 1 1
github.com/timlzh/ollama-hack/internal/handlers/user.go:21.44,23.79 2 1
github.com/timlzh/ollama-hack/internal/handlers/user.go:23.79,26.3 2 0
github.com/timlzh/ollama-hack/internal/handlers/user.go:27.2,28.26 2 1
github.com/timlzh/ollama-hack/internal/handlers/user.go:28.26,35.3 1 1
github.com/timlzh/ollama-hack/internal/handlers/user.go:36.2,36.51 1 1
github.com/timlzh/ollama-hack/internal/handlers/user.go:39.43,42.78 3 1
github.com/timlzh/ollama-hack/internal/handlers/user.go:42.78,45.3 2 1
github.com/timlzh/ollama-hack/internal/handlers/user.go:46.2,51.4 1 1
github.com/timlzh/ollama-hack/internal/handlers/user.go:54.46,56.47 2 1
github.com/timlzh/ollama-hack/internal/handlers/user.go:56.47,59.3 2 1
github.com/timlzh/ollama-hack/internal/handlers/user.go:61.2,62.16 2 1
github.com/timlzh/ollama-hack/internal/handlers/user.go:62.16,65.3 2 0
github.com/timlzh/ollama-hack/internal/handlers/user.go:67.2,71.16 3 1
github.com/timlzh/ollama-hack/internal/handlers/user.go:71.16,72.46 1 1
github.com/timlzh/ollama-hack/internal/handlers/user.go:72.46,75.4 2 1
github.com/timlzh/ollama-hack/internal/handlers/user.go:76.3,77.9 2 0
github.com/timlzh/ollama-hack/internal/handlers/user.go:80.2,85.4 1 1
github.com/timlzh/ollama-hack/internal/handlers/user.go:88.46,91.47 3 1
github.com/timlzh/ollama-hack/internal/handlers/user.go:91.47,94.3 2 1
github.com/timlzh/ollama-hack/internal/handlers/user.go:96.2,100.25 4 1
github.com/timlzh/ollama-hack/internal/handlers/user.go:100.25,104.3 3 1
github.com/timlzh/ollama-hack/internal/handlers/user.go:105.2,105.25 1 1
github.com/timlzh/ollama-hack/internal/handlers/user.go:105.25,107.17 2 0
github.com/timlzh/ollama-hack/internal/handlers/user.go:107.17,110.4 2 0
github.com/timlzh/ollama-hack/internal/handlers/user.go:111.3,113.10 3 0
github.com/timlzh/ollama-hack/internal/handlers/user.go:115.2,115.24 1 1
github.com/timlzh/ollama-hack/internal/handlers/user.go:115.24,119.3 3 0
github.com/timlzh/ollama-hack/internal/handlers/user.go:120.2,120.23 1 1
github.com/timlzh/ollama-hack/internal/handlers/user.go:120.23,124.3 3 0
github.com/timlzh/ollama-hack/internal/handlers/user.go:126.2,126.26 1 1
github.com/timlzh/ollama-hack/internal/handlers/user.go:126.26,129.3 2 1
github.com/timlzh/ollama-hack/internal/handlers/user.go:131.2,135.53 4 1
github.com/timlzh/ollama-hack/internal/handlers/user.go:135.53,138.3 2 0
github.com/timlzh/ollama-hack/internal/handlers/user.go:140.2,145.4 1 1
github.com/timlzh/ollama-hack/internal/handlers/user.go:148.46,150.76 2 1
github.com/timlzh/ollama-hack/internal/handlers/user.go:150.76,153.3 2 0
github.com/timlzh/ollama-hack/internal/handlers/user.go:154.2,154.20 1 1
github.com/timlzh/ollama-hack/internal/database/database.go:16.55,19.20 2 1
github.com/timlzh/ollama-hack/internal/database/database.go:20.20,24.4 1 1
github.com/timlzh/ollama-hack/internal/database/database.go:25.15,29.4 1 1
github.com/timlzh/ollama-hack/internal/database/database.go:30.10,31.72 1 1
github.com/timlzh/ollama-hack/internal/database/database.go:34.2,35.28 2 1
github.com/timlzh/ollama-hack/internal/database/database.go:35.28,37.3 1 1
github.com/timlzh/ollama-hack/internal/database/database.go:38.2,39.16 2 1
github.com/timlzh/ollama-hack/internal/database/database.go:39.16,41.3 1 1
github.com/timlzh/ollama-hack/internal/database/database.go:44.2,49.21 4 1
github.com/timlzh/ollama-hack/internal/database/database.go:52.36,178.16 3 1
github.com/timlzh/ollama-hack/internal/database/database.go:178.16,180.3 1 0
github.com/timlzh/ollama-hack/internal/database/database.go:182.2,183.12 2 1
